2025-07-24 22:00:59 [scrapy.utils.log] INFO: Scrapy 2.13.3 started (bot: scrapy_log)
2025-07-24 22:01:00 [scrapy.utils.log] INFO: Versions:
{'lxml': '4.9.4',
 'libxml2': '2.10.3',
 'cssselect': '1.3.0',
 'parsel': '1.10.0',
 'w3lib': '2.3.1',
 'Twisted': '25.5.0',
 'Python': '3.12.10 (tags/v3.12.10:0cc8128, Apr  8 2025, 12:21:36) [MSC v.1943 '
           '64 bit (AMD64)]',
 'pyOpenSSL': '25.1.0 (OpenSSL 3.5.1 1 Jul 2025)',
 'cryptography': '45.0.5',
 'Platform': 'Windows-11-10.0.26100-SP0'}
2025-07-24 22:01:00 [scrapy.addons] INFO: Enabled addons:
[]
2025-07-24 22:01:00 [asyncio] DEBUG: Using selector: SelectSelector
2025-07-24 22:01:00 [scrapy.utils.log] DEBUG: Using reactor: twisted.internet.asyncioreactor.AsyncioSelectorReactor
2025-07-24 22:01:00 [scrapy.utils.log] DEBUG: Using asyncio event loop: asyncio.windows_events._WindowsSelectorEventLoop
2025-07-24 22:01:00 [scrapy.extensions.telnet] INFO: Telnet Password: 15bd45e942c3d844
2025-07-24 22:01:00 [scrapy.middleware] INFO: Enabled extensions:
['scrapy.extensions.corestats.CoreStats',
 'scrapy.extensions.telnet.TelnetConsole',
 'scrapy.extensions.logstats.LogStats']
2025-07-24 22:01:00 [scrapy.crawler] INFO: Overridden settings:
{'BOT_NAME': 'scrapy_log',
 'CONCURRENT_REQUESTS_PER_DOMAIN': 1,
 'DOWNLOAD_DELAY': 1,
 'FEED_EXPORT_ENCODING': 'utf-8',
 'LOG_FILE': 'logdemo.log',
 'NEWSPIDER_MODULE': 'scrapy_log.spiders',
 'SPIDER_MODULES': ['scrapy_log.spiders']}
2025-07-24 22:01:01 [scrapy.middleware] INFO: Enabled downloader middlewares:
['scrapy.downloadermiddlewares.offsite.OffsiteMiddleware',
 'scrapy.downloadermiddlewares.httpauth.HttpAuthMiddleware',
 'scrapy.downloadermiddlewares.downloadtimeout.DownloadTimeoutMiddleware',
 'scrapy.downloadermiddlewares.defaultheaders.DefaultHeadersMiddleware',
 'scrapy.downloadermiddlewares.useragent.UserAgentMiddleware',
 'scrapy.downloadermiddlewares.retry.RetryMiddleware',
 'scrapy.downloadermiddlewares.redirect.MetaRefreshMiddleware',
 'scrapy.downloadermiddlewares.httpcompression.HttpCompressionMiddleware',
 'scrapy.downloadermiddlewares.redirect.RedirectMiddleware',
 'scrapy.downloadermiddlewares.cookies.CookiesMiddleware',
 'scrapy.downloadermiddlewares.httpproxy.HttpProxyMiddleware',
 'scrapy.downloadermiddlewares.stats.DownloaderStats']
2025-07-24 22:01:01 [scrapy.middleware] INFO: Enabled spider middlewares:
['scrapy.spidermiddlewares.start.StartSpiderMiddleware',
 'scrapy.spidermiddlewares.httperror.HttpErrorMiddleware',
 'scrapy.spidermiddlewares.referer.RefererMiddleware',
 'scrapy.spidermiddlewares.urllength.UrlLengthMiddleware',
 'scrapy.spidermiddlewares.depth.DepthMiddleware']
2025-07-24 22:01:01 [scrapy.middleware] INFO: Enabled item pipelines:
[]
2025-07-24 22:01:01 [scrapy.core.engine] INFO: Spider opened
2025-07-24 22:01:01 [scrapy.extensions.logstats] INFO: Crawled 0 pages (at 0 pages/min), scraped 0 items (at 0 items/min)
2025-07-24 22:01:01 [scrapy.extensions.telnet] INFO: Telnet console listening on 127.0.0.1:6023
2025-07-24 22:01:03 [scrapy.downloadermiddlewares.redirect] DEBUG: Redirecting (302) to <GET https://www.baidu.com/error.html> from <GET https://www.baidu.com>
2025-07-24 22:01:03 [scrapy.core.engine] DEBUG: Crawled (200) <GET https://www.baidu.com/error.html> (referer: None)
2025-07-24 22:01:03 [scrapy.core.engine] INFO: Closing spider (finished)
2025-07-24 22:01:03 [scrapy.statscollectors] INFO: Dumping Scrapy stats:
{'downloader/request_bytes': 438,
 'downloader/request_count': 2,
 'downloader/request_method_count/GET': 2,
 'downloader/response_bytes': 4978,
 'downloader/response_count': 2,
 'downloader/response_status_count/200': 1,
 'downloader/response_status_count/302': 1,
 'elapsed_time_seconds': 1.432312,
 'finish_reason': 'finished',
 'finish_time': datetime.datetime(2025, 7, 24, 14, 1, 3, 297616, tzinfo=datetime.timezone.utc),
 'httpcompression/response_bytes': 15255,
 'httpcompression/response_count': 1,
 'items_per_minute': 0.0,
 'log_count/DEBUG': 5,
 'log_count/INFO': 10,
 'response_received_count': 1,
 'responses_per_minute': 60.0,
 'scheduler/dequeued': 2,
 'scheduler/dequeued/memory': 2,
 'scheduler/enqueued': 2,
 'scheduler/enqueued/memory': 2,
 'start_time': datetime.datetime(2025, 7, 24, 14, 1, 1, 865304, tzinfo=datetime.timezone.utc)}
2025-07-24 22:01:03 [scrapy.core.engine] INFO: Spider closed (finished)
